CRITICAL - 2022-05-18 19:57:19 --> Undefined variable $title
#0 C:\xampp\htdocs\WP2_Muhamad-Al-Fadhil-Satria\app\Views\view_form_matakuliah.php(7): CodeIgniter\Debug\Exceptions->errorHandler(2, 'Undefined varia...', 'C:\\xampp\\htdocs...', 7)
#1 C:\xampp\htdocs\WP2_Muhamad-Al-Fadhil-Satria\system\View\View.php(210): include('C:\\xampp\\htdocs...')
#2 C:\xampp\htdocs\WP2_Muhamad-Al-Fadhil-Satria\system\View\View.php(213): CodeIgniter\View\View->CodeIgniter\View\{closure}()
#3 C:\xampp\htdocs\WP2_Muhamad-Al-Fadhil-Satria\system\Common.php(1089): CodeIgniter\View\View->render('view_form_matak...', Array, true)
#4 C:\xampp\htdocs\WP2_Muhamad-Al-Fadhil-Satria\app\Controllers\Matakuliah.php(18): view('view_form_matak...', Array)
#5 C:\xampp\htdocs\WP2_Muhamad-Al-Fadhil-Satria\system\CodeIgniter.php(832): App\Controllers\Matakuliah->index()
#6 C:\xampp\htdocs\WP2_Muhamad-Al-Fadhil-Satria\system\CodeIgniter.php(419): CodeIgniter\CodeIgniter->runController(Object(App\Controllers\Matakuliah))
#7 C:\xampp\htdocs\WP2_Muhamad-Al-Fadhil-Satria\system\CodeIgniter.php(326): CodeIgniter\CodeIgniter->handleRequest(NULL, Object(Config\Cache), false)
#8 C:\xampp\htdocs\WP2_Muhamad-Al-Fadhil-Satria\public\index.php(37): CodeIgniter\CodeIgniter->run()
#9 {main}
CRITICAL - 2022-05-18 19:57:23 --> Undefined variable $title
#0 C:\xampp\htdocs\WP2_Muhamad-Al-Fadhil-Satria\app\Views\view_form_matakuliah.php(7): CodeIgniter\Debug\Exceptions->errorHandler(2, 'Undefined varia...', 'C:\\xampp\\htdocs...', 7)
#1 C:\xampp\htdocs\WP2_Muhamad-Al-Fadhil-Satria\system\View\View.php(210): include('C:\\xampp\\htdocs...')
#2 C:\xampp\htdocs\WP2_Muhamad-Al-Fadhil-Satria\system\View\View.php(213): CodeIgniter\View\View->CodeIgniter\View\{closure}()
#3 C:\xampp\htdocs\WP2_Muhamad-Al-Fadhil-Satria\system\Common.php(1089): CodeIgniter\View\View->render('view_form_matak...', Array, true)
#4 C:\xampp\htdocs\WP2_Muhamad-Al-Fadhil-Satria\app\Controllers\Matakuliah.php(18): view('view_form_matak...', Array)
#5 C:\xampp\htdocs\WP2_Muhamad-Al-Fadhil-Satria\system\CodeIgniter.php(832): App\Controllers\Matakuliah->index()
#6 C:\xampp\htdocs\WP2_Muhamad-Al-Fadhil-Satria\system\CodeIgniter.php(419): CodeIgniter\CodeIgniter->runController(Object(App\Controllers\Matakuliah))
#7 C:\xampp\htdocs\WP2_Muhamad-Al-Fadhil-Satria\system\CodeIgniter.php(326): CodeIgniter\CodeIgniter->handleRequest(NULL, Object(Config\Cache), false)
#8 C:\xampp\htdocs\WP2_Muhamad-Al-Fadhil-Satria\public\index.php(37): CodeIgniter\CodeIgniter->run()
#9 {main}
CRITICAL - 2022-05-18 19:59:28 --> Undefined variable $title
#0 C:\xampp\htdocs\WP2_Muhamad-Al-Fadhil-Satria\app\Views\view_form_matakuliah.php(7): CodeIgniter\Debug\Exceptions->errorHandler(2, 'Undefined varia...', 'C:\\xampp\\htdocs...', 7)
#1 C:\xampp\htdocs\WP2_Muhamad-Al-Fadhil-Satria\system\View\View.php(210): include('C:\\xampp\\htdocs...')
#2 C:\xampp\htdocs\WP2_Muhamad-Al-Fadhil-Satria\system\View\View.php(213): CodeIgniter\View\View->CodeIgniter\View\{closure}()
#3 C:\xampp\htdocs\WP2_Muhamad-Al-Fadhil-Satria\system\Common.php(1089): CodeIgniter\View\View->render('view_form_matak...', Array, true)
#4 C:\xampp\htdocs\WP2_Muhamad-Al-Fadhil-Satria\app\Controllers\Matakuliah.php(17): view('view_form_matak...', Array)
#5 C:\xampp\htdocs\WP2_Muhamad-Al-Fadhil-Satria\system\CodeIgniter.php(832): App\Controllers\Matakuliah->index()
#6 C:\xampp\htdocs\WP2_Muhamad-Al-Fadhil-Satria\system\CodeIgniter.php(419): CodeIgniter\CodeIgniter->runController(Object(App\Controllers\Matakuliah))
#7 C:\xampp\htdocs\WP2_Muhamad-Al-Fadhil-Satria\system\CodeIgniter.php(326): CodeIgniter\CodeIgniter->handleRequest(NULL, Object(Config\Cache), false)
#8 C:\xampp\htdocs\WP2_Muhamad-Al-Fadhil-Satria\public\index.php(37): CodeIgniter\CodeIgniter->run()
#9 {main}
CRITICAL - 2022-05-18 19:59:29 --> Undefined variable $title
#0 C:\xampp\htdocs\WP2_Muhamad-Al-Fadhil-Satria\app\Views\view_form_matakuliah.php(7): CodeIgniter\Debug\Exceptions->errorHandler(2, 'Undefined varia...', 'C:\\xampp\\htdocs...', 7)
#1 C:\xampp\htdocs\WP2_Muhamad-Al-Fadhil-Satria\system\View\View.php(210): include('C:\\xampp\\htdocs...')
#2 C:\xampp\htdocs\WP2_Muhamad-Al-Fadhil-Satria\system\View\View.php(213): CodeIgniter\View\View->CodeIgniter\View\{closure}()
#3 C:\xampp\htdocs\WP2_Muhamad-Al-Fadhil-Satria\system\Common.php(1089): CodeIgniter\View\View->render('view_form_matak...', Array, true)
#4 C:\xampp\htdocs\WP2_Muhamad-Al-Fadhil-Satria\app\Controllers\Matakuliah.php(17): view('view_form_matak...', Array)
#5 C:\xampp\htdocs\WP2_Muhamad-Al-Fadhil-Satria\system\CodeIgniter.php(832): App\Controllers\Matakuliah->index()
#6 C:\xampp\htdocs\WP2_Muhamad-Al-Fadhil-Satria\system\CodeIgniter.php(419): CodeIgniter\CodeIgniter->runController(Object(App\Controllers\Matakuliah))
#7 C:\xampp\htdocs\WP2_Muhamad-Al-Fadhil-Satria\system\CodeIgniter.php(326): CodeIgniter\CodeIgniter->handleRequest(NULL, Object(Config\Cache), false)
#8 C:\xampp\htdocs\WP2_Muhamad-Al-Fadhil-Satria\public\index.php(37): CodeIgniter\CodeIgniter->run()
#9 {main}
CRITICAL - 2022-05-18 19:59:39 --> Undefined variable $title
#0 C:\xampp\htdocs\WP2_Muhamad-Al-Fadhil-Satria\app\Views\view_form_matakuliah.php(7): CodeIgniter\Debug\Exceptions->errorHandler(2, 'Undefined varia...', 'C:\\xampp\\htdocs...', 7)
#1 C:\xampp\htdocs\WP2_Muhamad-Al-Fadhil-Satria\system\View\View.php(210): include('C:\\xampp\\htdocs...')
#2 C:\xampp\htdocs\WP2_Muhamad-Al-Fadhil-Satria\system\View\View.php(213): CodeIgniter\View\View->CodeIgniter\View\{closure}()
#3 C:\xampp\htdocs\WP2_Muhamad-Al-Fadhil-Satria\system\Common.php(1089): CodeIgniter\View\View->render('view_form_matak...', Array, true)
#4 C:\xampp\htdocs\WP2_Muhamad-Al-Fadhil-Satria\app\Controllers\Matakuliah.php(17): view('view_form_matak...', Array)
#5 C:\xampp\htdocs\WP2_Muhamad-Al-Fadhil-Satria\system\CodeIgniter.php(832): App\Controllers\Matakuliah->index()
#6 C:\xampp\htdocs\WP2_Muhamad-Al-Fadhil-Satria\system\CodeIgniter.php(419): CodeIgniter\CodeIgniter->runController(Object(App\Controllers\Matakuliah))
#7 C:\xampp\htdocs\WP2_Muhamad-Al-Fadhil-Satria\system\CodeIgniter.php(326): CodeIgniter\CodeIgniter->handleRequest(NULL, Object(Config\Cache), false)
#8 C:\xampp\htdocs\WP2_Muhamad-Al-Fadhil-Satria\public\index.php(37): CodeIgniter\CodeIgniter->run()
#9 {main}
