CRITICAL - 2022-03-22 13:04:47 --> The framework needs the following extension(s) installed and loaded: intl.
#0 C:\xampp\htdocs\codeigniter\system\CodeIgniter.php(219): CodeIgniter\Exceptions\FrameworkException::forMissingExtension('intl')
#1 C:\xampp\htdocs\codeigniter\system\CodeIgniter.php(177): CodeIgniter\CodeIgniter->resolvePlatformExtensions()
#2 C:\xampp\htdocs\codeigniter\system\bootstrap.php(146): CodeIgniter\CodeIgniter->initialize()
#3 C:\xampp\htdocs\codeigniter\spark(45): require('C:\\xampp\\htdocs...')
#4 {main}
CRITICAL - 2022-03-22 07:51:45 --> Invalid file: welcome_mesage.php
#0 C:\xampp\htdocs\codeigniter\system\View\View.php(198): CodeIgniter\Exceptions\FrameworkException::forInvalidFile('welcome_mesage....')
#1 C:\xampp\htdocs\codeigniter\system\Common.php(1089): CodeIgniter\View\View->render('welcome_mesage', Array, true)
#2 C:\xampp\htdocs\codeigniter\app\Controllers\Home.php(9): view('welcome_mesage')
#3 C:\xampp\htdocs\codeigniter\system\CodeIgniter.php(832): App\Controllers\Home->index()
#4 C:\xampp\htdocs\codeigniter\system\CodeIgniter.php(419): CodeIgniter\CodeIgniter->runController(Object(App\Controllers\Home))
#5 C:\xampp\htdocs\codeigniter\system\CodeIgniter.php(326): CodeIgniter\CodeIgniter->handleRequest(NULL, Object(Config\Cache), false)
#6 C:\xampp\htdocs\codeigniter\public\index.php(37): CodeIgniter\CodeIgniter->run()
#7 C:\xampp\htdocs\codeigniter\system\Commands\Server\rewrite.php(43): require_once('C:\\xampp\\htdocs...')
#8 {main}
CRITICAL - 2022-03-22 07:52:03 --> Invalid file: Contoh1.php
#0 C:\xampp\htdocs\codeigniter\system\View\View.php(198): CodeIgniter\Exceptions\FrameworkException::forInvalidFile('Contoh1.php')
#1 C:\xampp\htdocs\codeigniter\system\Common.php(1089): CodeIgniter\View\View->render('Contoh1', Array, true)
#2 C:\xampp\htdocs\codeigniter\app\Controllers\Home.php(9): view('Contoh1')
#3 C:\xampp\htdocs\codeigniter\system\CodeIgniter.php(832): App\Controllers\Home->index()
#4 C:\xampp\htdocs\codeigniter\system\CodeIgniter.php(419): CodeIgniter\CodeIgniter->runController(Object(App\Controllers\Home))
#5 C:\xampp\htdocs\codeigniter\system\CodeIgniter.php(326): CodeIgniter\CodeIgniter->handleRequest(NULL, Object(Config\Cache), false)
#6 C:\xampp\htdocs\codeigniter\public\index.php(37): CodeIgniter\CodeIgniter->run()
#7 C:\xampp\htdocs\codeigniter\system\Commands\Server\rewrite.php(43): require_once('C:\\xampp\\htdocs...')
#8 {main}
